# JRE version: OpenJDK Runtime Environment (8.0_232-b09) (build 1.8.0_232-b09)
# Java VM: OpenJDK 64-Bit Server VM (25.232-b09 mixed mode linux-amd64 compressed oops)
Heap:
 PSYoungGen      total 142848K, used 82330K [0x00000000eab00000, 0x00000000f4e00000, 0x0000000100000000)
  eden space 127488K, 63% used [0x00000000eab00000,0x00000000efa6aaf0,0x00000000f2780000)
  from space 15360K, 6% used [0x00000000f3080000,0x00000000f317c010,0x00000000f3f80000)
  to   space 14848K, 0% used [0x00000000f3f80000,0x00000000f3f80000,0x00000000f4e00000)
 ParOldGen       total 190464K, used 15331K [0x00000000c0000000, 0x00000000cba00000, 0x00000000eab00000)
  object space 190464K, 8% used [0x00000000c0000000,0x00000000c0ef8cc8,0x00000000cba00000)
 Metaspace       used 30460K, capacity 31935K, committed 32000K, reserved 1077248K
  class space    used 3532K, capacity 3828K, committed 3840K, reserved 1048576K
GC Heap History (48 events):
Event: 1.134 GC heap before
{Heap before GC invocations=1 (full 0):
 PSYoungGen      total 149504K, used 128512K [0x00000000eab00000, 0x00000000f5180000, 0x0000000100000000)
  eden space 128512K, 100% used [0x00000000eab00000,0x00000000f2880000,0x00000000f2880000)
  from space 20992K, 0% used [0x00000000f3d00000,0x00000000f3d00000,0x00000000f5180000)
  to   space 20992K, 0% used [0x00000000f2880000,0x00000000f2880000,0x00000000f3d00000)
 ParOldGen       total 341504K, used 0K [0x00000000c0000000, 0x00000000d4d80000, 0x00000000eab00000)
  object space 341504K, 0% used [0x00000000c0000000,0x00000000c0000000,0x00000000d4d80000)
 Metaspace       used 18561K, capacity 19402K, committed 19712K, reserved 1067008K
  class space    used 2247K, capacity 2439K, committed 2560K, reserved 1048576K
Event: 1.143 GC heap after
Heap after GC invocations=1 (full 0):
 PSYoungGen      total 149504K, used 15713K [0x00000000eab00000, 0x00000000f5180000, 0x0000000100000000)
  eden space 128512K, 0% used [0x00000000eab00000,0x00000000eab00000,0x00000000f2880000)
  from space 20992K, 74% used [0x00000000f2880000,0x00000000f37d8598,0x00000000f3d00000)
  to   space 20992K, 0% used [0x00000000f3d00000,0x00000000f3d00000,0x00000000f5180000)
 ParOldGen       total 341504K, used 88K [0x00000000c0000000, 0x00000000d4d80000, 0x00000000eab00000)
  object space 341504K, 0% used [0x00000000c0000000,0x00000000c0016010,0x00000000d4d80000)
 Metaspace       used 18561K, capacity 19402K, committed 19712K, reserved 1067008K
  class space    used 2247K, capacity 2439K, committed 2560K, reserved 1048576K
}
Event: 1.241 GC heap before
{Heap before GC invocations=2 (full 0):
 PSYoungGen      total 149504K, used 34490K [0x00000000eab00000, 0x00000000f5180000, 0x0000000100000000)
  eden space 128512K, 14% used [0x00000000eab00000,0x00000000ebd56380,0x00000000f2880000)
  from space 20992K, 74% used [0x00000000f2880000,0x00000000f37d8598,0x00000000f3d00000)
  to   space 20992K, 0% used [0x00000000f3d00000,0x00000000f3d00000,0x00000000f5180000)
 ParOldGen       total 341504K, used 88K [0x00000000c0000000, 0x00000000d4d80000, 0x00000000eab00000)
  object space 341504K, 0% used [0x00000000c0000000,0x00000000c0016010,0x00000000d4d80000)
 Metaspace       used 20146K, capacity 21177K, committed 21296K, reserved 1069056K
  class space    used 2463K, capacity 2688K, committed 2688K, reserved 1048576K
Event: 1.246 GC heap after
Heap after GC invocations=2 (full 0):
 PSYoungGen      total 149504K, used 8450K [0x00000000eab00000, 0x00000000fcf00000, 0x0000000100000000)
  eden space 128512K, 0% used [0x00000000eab00000,0x00000000eab00000,0x00000000f2880000)
  from space 20992K, 40% used [0x00000000f3d00000,0x00000000f4540818,0x00000000f5180000)
  to   space 20992K, 0% used [0x00000000f2880000,0x00000000f2880000,0x00000000f3d00000)
 ParOldGen       total 341504K, used 96K [0x00000000c0000000, 0x00000000d4d80000, 0x00000000eab00000)
  object space 341504K, 0% used [0x00000000c0000000,0x00000000c0018010,0x00000000d4d80000)
 Metaspace       used 20146K, capacity 21177K, committed 21296K, reserved 1069056K
  class space    used 2463K, capacity 2688K, committed 2688K, reserved 1048576K
}
Event: 1.246 GC heap before
{Heap before GC invocations=3 (full 1):
 PSYoungGen      total 149504K, used 8450K [0x00000000eab00000, 0x00000000fcf00000, 0x0000000100000000)
  eden space 128512K, 0% used [0x00000000eab00000,0x00000000eab00000,0x00000000f2880000)
  from space 20992K, 40% used [0x00000000f3d00000,0x00000000f4540818,0x00000000f5180000)
  to   space 20992K, 0% used [0x00000000f2880000,0x00000000f2880000,0x00000000f3d00000)
 ParOldGen       total 341504K, used 96K [0x00000000c0000000, 0x00000000d4d80000, 0x00000000eab00000)
  object space 341504K, 0% used [0x00000000c0000000,0x00000000c0018010,0x00000000d4d80000)
 Metaspace       used 20146K, capacity 21177K, committed 21296K, reserved 1069056K
  class space    used 2463K, capacity 2688K, committed 2688K, reserved 1048576K
Event: 1.269 GC heap after
Heap after GC invocations=3 (full 1):
 PSYoungGen      total 149504K, used 0K [0x00000000eab00000, 0x00000000fcf00000, 0x0000000100000000)
  eden space 128512K, 0% used [0x00000000eab00000,0x00000000eab00000,0x00000000f2880000)
  from space 20992K, 0% used [0x00000000f3d00000,0x00000000f3d00000,0x00000000f5180000)
  to   space 20992K, 0% used [0x00000000f2880000,0x00000000f2880000,0x00000000f3d00000)
 ParOldGen       total 190464K, used 8327K [0x00000000c0000000, 0x00000000cba00000, 0x00000000eab00000)
  object space 190464K, 4% used [0x00000000c0000000,0x00000000c0821f88,0x00000000cba00000)
 Metaspace       used 20144K, capacity 21171K, committed 21296K, reserved 1069056K
  class space    used 2462K, capacity 2687K, committed 2688K, reserved 1048576K
}
Event: 1.873 GC heap before
{Heap before GC invocations=4 (full 1):
 PSYoungGen      total 149504K, used 128512K [0x00000000eab00000, 0x00000000fcf00000, 0x0000000100000000)
  eden space 128512K, 100% used [0x00000000eab00000,0x00000000f2880000,0x00000000f2880000)
  from space 20992K, 0% used [0x00000000f3d00000,0x00000000f3d00000,0x00000000f5180000)
  to   space 20992K, 0% used [0x00000000f2880000,0x00000000f2880000,0x00000000f3d00000)
 ParOldGen       total 190464K, used 8327K [0x00000000c0000000, 0x00000000cba00000, 0x00000000eab00000)
  object space 190464K, 4% used [0x00000000c0000000,0x00000000c0821f88,0x00000000cba00000)
 Metaspace       used 26510K, capacity 27813K, committed 28032K, reserved 1073152K
  class space    used 3121K, capacity 3397K, committed 3456K, reserved 1048576K
Event: 1.879 GC heap after
Heap after GC invocations=4 (full 1):
 PSYoungGen      total 149504K, used 11958K [0x00000000eab00000, 0x00000000f9400000, 0x0000000100000000)
  eden space 128512K, 0% used [0x00000000eab00000,0x00000000eab00000,0x00000000f2880000)
  from space 20992K, 56% used [0x00000000f2880000,0x00000000f342da08,0x00000000f3d00000)
  to   space 20992K, 0% used [0x00000000f7f80000,0x00000000f7f80000,0x00000000f9400000)
 ParOldGen       total 190464K, used 8335K [0x00000000c0000000, 0x00000000cba00000, 0x00000000eab00000)
  object space 190464K, 4% used [0x00000000c0000000,0x00000000c0823f88,0x00000000cba00000)
 Metaspace       used 26510K, capacity 27813K, committed 28032K, reserved 1073152K
  class space    used 3121K, capacity 3397K, committed 3456K, reserved 1048576K
}
Event: 51.674 GC heap before
{Heap before GC invocations=5 (full 1):
 PSYoungGen      total 149504K, used 140470K [0x00000000eab00000, 0x00000000f9400000, 0x0000000100000000)
  eden space 128512K, 100% used [0x00000000eab00000,0x00000000f2880000,0x00000000f2880000)
  from space 20992K, 56% used [0x00000000f2880000,0x00000000f342da08,0x00000000f3d00000)
  to   space 20992K, 0% used [0x00000000f7f80000,0x00000000f7f80000,0x00000000f9400000)
 ParOldGen       total 190464K, used 8335K [0x00000000c0000000, 0x00000000cba00000, 0x00000000eab00000)
  object space 190464K, 4% used [0x00000000c0000000,0x00000000c0823f88,0x00000000cba00000)
 Metaspace       used 30306K, capacity 31725K, committed 32000K, reserved 1077248K
  class space    used 3507K, capacity 3809K, committed 3840K, reserved 1048576K
Event: 51.681 GC heap after
Heap after GC invocations=5 (full 1):
 PSYoungGen      total 200192K, used 11959K [0x00000000eab00000, 0x00000000f8b80000, 0x0000000100000000)
  eden space 187904K, 0% used [0x00000000eab00000,0x00000000eab00000,0x00000000f6280000)
  from space 12288K, 97% used [0x00000000f7f80000,0x00000000f8b2dd48,0x00000000f8b80000)
  to   space 20992K, 0% used [0x00000000f6280000,0x00000000f6280000,0x00000000f7700000)
 ParOldGen       total 190464K, used 8343K [0x00000000c0000000, 0x00000000cba00000, 0x00000000eab00000)
  object space 190464K, 4% used [0x00000000c0000000,0x00000000c0825f88,0x00000000cba00000)
 Metaspace       used 30306K, capacity 31725K, committed 32000K, reserved 1077248K
  class space    used 3507K, capacity 3809K, committed 3840K, reserved 1048576K
}
Event: 311.968 GC heap before
{Heap before GC invocations=6 (full 1):
 PSYoungGen      total 200192K, used 199863K [0x00000000eab00000, 0x00000000f8b80000, 0x0000000100000000)
  eden space 187904K, 100% used [0x00000000eab00000,0x00000000f6280000,0x00000000f6280000)
  from space 12288K, 97% used [0x00000000f7f80000,0x00000000f8b2dd48,0x00000000f8b80000)
  to   space 20992K, 0% used [0x00000000f6280000,0x00000000f6280000,0x00000000f7700000)
 ParOldGen       total 190464K, used 8343K [0x00000000c0000000, 0x00000000cba00000, 0x00000000eab00000)
  object space 190464K, 4% used [0x00000000c0000000,0x00000000c0825f88,0x00000000cba00000)
 Metaspace       used 30311K, capacity 31731K, committed 32000K, reserved 1077248K
  class space    used 3508K, capacity 3810K, committed 3840K, reserved 1048576K
Event: 311.971 GC heap after
Heap after GC invocations=6 (full 1):
 PSYoungGen      total 208896K, used 8460K [0x00000000eab00000, 0x00000000fc800000, 0x0000000100000000)
  eden space 187904K, 0% used [0x00000000eab00000,0x00000000eab00000,0x00000000f6280000)
  from space 20992K, 40% used [0x00000000f6280000,0x00000000f6ac3060,0x00000000f7700000)
  to   space 15360K, 0% used [0x00000000fb900000,0x00000000fb900000,0x00000000fc800000)
 ParOldGen       total 190464K, used 8351K [0x00000000c0000000, 0x00000000cba00000, 0x00000000eab00000)
  object space 190464K, 4% used [0x00000000c0000000,0x00000000c0827f88,0x00000000cba00000)
 Metaspace       used 30311K, capacity 31731K, committed 32000K, reserved 1077248K
  class space    used 3508K, capacity 3810K, committed 3840K, reserved 1048576K
}
Event: 572.205 GC heap before
{Heap before GC invocations=7 (full 1):
 PSYoungGen      total 208896K, used 196364K [0x00000000eab00000, 0x00000000fc800000, 0x0000000100000000)
  eden space 187904K, 100% used [0x00000000eab00000,0x00000000f6280000,0x00000000f6280000)
  from space 20992K, 40% used [0x00000000f6280000,0x00000000f6ac3060,0x00000000f7700000)
  to   space 15360K, 0% used [0x00000000fb900000,0x00000000fb900000,0x00000000fc800000)
 ParOldGen       total 190464K, used 8351K [0x00000000c0000000, 0x00000000cba00000, 0x00000000eab00000)
  object space 190464K, 4% used [0x00000000c0000000,0x00000000c0827f88,0x00000000cba00000)
 Metaspace       used 30315K, capacity 31731K, committed 32000K, reserved 1077248K
  class space    used 3508K, capacity 3810K, committed 3840K, reserved 1048576K
Event: 572.209 GC heap after
Heap after GC invocations=7 (full 1):
 PSYoungGen      total 192000K, used 8407K [0x00000000eab00000, 0x00000000fc180000, 0x0000000100000000)
  eden space 183296K, 0% used [0x00000000eab00000,0x00000000eab00000,0x00000000f5e00000)
  from space 8704K, 96% used [0x00000000fb900000,0x00000000fc135fb0,0x00000000fc180000)
  to   space 15872K, 0% used [0x00000000fa280000,0x00000000fa280000,0x00000000fb200000)
 ParOldGen       total 190464K, used 8359K [0x00000000c0000000, 0x00000000cba00000, 0x00000000eab00000)
  object space 190464K, 4% used [0x00000000c0000000,0x00000000c0829f88,0x00000000cba00000)
 Metaspace       used 30315K, capacity 31731K, committed 32000K, reserved 1077248K
  class space    used 3508K, capacity 3810K, committed 3840K, reserved 1048576K
}
Event: 827.460 GC heap before
{Heap before GC invocations=8 (full 1):
 PSYoungGen      total 192000K, used 191703K [0x00000000eab00000, 0x00000000fc180000, 0x0000000100000000)
  eden space 183296K, 100% used [0x00000000eab00000,0x00000000f5e00000,0x00000000f5e00000)
  from space 8704K, 96% used [0x00000000fb900000,0x00000000fc135fb0,0x00000000fc180000)
  to   space 15872K, 0% used [0x00000000fa280000,0x00000000fa280000,0x00000000fb200000)
 ParOldGen       total 190464K, used 8359K [0x00000000c0000000, 0x00000000cba00000, 0x00000000eab00000)
  object space 190464K, 4% used [0x00000000c0000000,0x00000000c0829f88,0x00000000cba00000)
 Metaspace       used 30315K, capacity 31731K, committed 32000K, reserved 1077248K
  class space    used 3508K, capacity 3810K, committed 3840K, reserved 1048576K
Event: 827.464 GC heap after
Heap after GC invocations=8 (full 1):
 PSYoungGen      total 187904K, used 8476K [0x00000000eab00000, 0x00000000fb980000, 0x0000000100000000)
  eden space 179200K, 0% used [0x00000000eab00000,0x00000000eab00000,0x00000000f5a00000)
  from space 8704K, 97% used [0x00000000fa280000,0x00000000faac7010,0x00000000fab00000)
  to   space 14848K, 0% used [0x00000000fab00000,0x00000000fab00000,0x00000000fb980000)
 ParOldGen       total 190464K, used 8367K [0x00000000c0000000, 0x00000000cba00000, 0x00000000eab00000)
  object space 190464K, 4% used [0x00000000c0000000,0x00000000c082bf88,0x00000000cba00000)
 Metaspace       used 30315K, capacity 31731K, committed 32000K, reserved 1077248K
  class space    used 3508K, capacity 3810K, committed 3840K, reserved 1048576K
}
Event: 1077.705 GC heap before
{Heap before GC invocations=9 (full 1):
 PSYoungGen      total 187904K, used 187676K [0x00000000eab00000, 0x00000000fb980000, 0x0000000100000000)
  eden space 179200K, 100% used [0x00000000eab00000,0x00000000f5a00000,0x00000000f5a00000)
  from space 8704K, 97% used [0x00000000fa280000,0x00000000faac7010,0x00000000fab00000)
  to   space 14848K, 0% used [0x00000000fab00000,0x00000000fab00000,0x00000000fb980000)
 ParOldGen       total 190464K, used 8367K [0x00000000c0000000, 0x00000000cba00000, 0x00000000eab00000)
  object space 190464K, 4% used [0x00000000c0000000,0x00000000c082bf88,0x00000000cba00000)
 Metaspace       used 30338K, capacity 31731K, committed 32000K, reserved 1077248K
  class space    used 3508K, capacity 3810K, committed 3840K, reserved 1048576K
Event: 1077.712 GC heap after
Heap after GC invocations=9 (full 1):
 PSYoungGen      total 183808K, used 8431K [0x00000000eab00000, 0x00000000fb380000, 0x0000000100000000)
  eden space 175104K, 0% used [0x00000000eab00000,0x00000000eab00000,0x00000000f5600000)
  from space 8704K, 96% used [0x00000000fab00000,0x00000000fb33be38,0x00000000fb380000)
  to   space 15360K, 0% used [0x00000000f9580000,0x00000000f9580000,0x00000000fa480000)
 ParOldGen       total 190464K, used 8375K [0x00000000c0000000, 0x00000000cba00000, 0x00000000eab00000)
  object space 190464K, 4% used [0x00000000c0000000,0x00000000c082df88,0x00000000cba00000)
 Metaspace       used 30338K, capacity 31731K, committed 32000K, reserved 1077248K
  class space    used 3508K, capacity 3810K, committed 3840K, reserved 1048576K
}
Event: 1322.938 GC heap before
{Heap before GC invocations=10 (full 1):
 PSYoungGen      total 183808K, used 183535K [0x00000000eab00000, 0x00000000fb380000, 0x0000000100000000)
  eden space 175104K, 100% used [0x00000000eab00000,0x00000000f5600000,0x00000000f5600000)
  from space 8704K, 96% used [0x00000000fab00000,0x00000000fb33be38,0x00000000fb380000)
  to   space 15360K, 0% used [0x00000000f9580000,0x00000000f9580000,0x00000000fa480000)
 ParOldGen       total 190464K, used 8375K [0x00000000c0000000, 0x00000000cba00000, 0x00000000eab00000)
  object space 190464K, 4% used [0x00000000c0000000,0x00000000c082df88,0x00000000cba00000)
 Metaspace       used 30338K, capacity 31731K, committed 32000K, reserved 1077248K
  class space    used 3508K, capacity 3810K, committed 3840K, reserved 1048576K
Event: 1322.941 GC heap after
Heap after GC invocations=10 (full 1):
 PSYoungGen      total 179200K, used 7705K [0x00000000eab00000, 0x00000000fab80000, 0x0000000100000000)
  eden space 171008K, 0% used [0x00000000eab00000,0x00000000eab00000,0x00000000f5200000)
  from space 8192K, 94% used [0x00000000f9580000,0x00000000f9d067a8,0x00000000f9d80000)
  to   space 14336K, 0% used [0x00000000f9d80000,0x00000000f9d80000,0x00000000fab80000)
 ParOldGen       total 190464K, used 8383K [0x00000000c0000000, 0x00000000cba00000, 0x00000000eab00000)
  object space 190464K, 4% used [0x00000000c0000000,0x00000000c082ff88,0x00000000cba00000)
 Metaspace       used 30338K, capacity 31731K, committed 32000K, reserved 1077248K
  class space    used 3508K, capacity 3810K, committed 3840K, reserved 1048576K
}
Event: 1563.139 GC heap before
{Heap before GC invocations=11 (full 1):
 PSYoungGen      total 179200K, used 178713K [0x00000000eab00000, 0x00000000fab80000, 0x0000000100000000)
  eden space 171008K, 100% used [0x00000000eab00000,0x00000000f5200000,0x00000000f5200000)
  from space 8192K, 94% used [0x00000000f9580000,0x00000000f9d067a8,0x00000000f9d80000)
  to   space 14336K, 0% used [0x00000000f9d80000,0x00000000f9d80000,0x00000000fab80000)
 ParOldGen       total 190464K, used 8383K [0x00000000c0000000, 0x00000000cba00000, 0x00000000eab00000)
  object space 190464K, 4% used [0x00000000c0000000,0x00000000c082ff88,0x00000000cba00000)
 Metaspace       used 30338K, capacity 31731K, committed 32000K, reserved 1077248K
  class space    used 3508K, capacity 3810K, committed 3840K, reserved 1048576K
Event: 1563.144 GC heap after
Heap after GC invocations=11 (full 1):
 PSYoungGen      total 175104K, used 7693K [0x00000000eab00000, 0x00000000fa580000, 0x0000000100000000)
  eden space 166912K, 0% used [0x00000000eab00000,0x00000000eab00000,0x00000000f4e00000)
  from space 8192K, 93% used [0x00000000f9d80000,0x00000000fa503570,0x00000000fa580000)
  to   space 15360K, 0% used [0x00000000f8780000,0x00000000f8780000,0x00000000f9680000)
 ParOldGen       total 190464K, used 8391K [0x00000000c0000000, 0x00000000cba00000, 0x00000000eab00000)
  object space 190464K, 4% used [0x00000000c0000000,0x00000000c0831f88,0x00000000cba00000)
 Metaspace       used 30338K, capacity 31731K, committed 32000K, reserved 1077248K
  class space    used 3508K, capacity 3810K, committed 3840K, reserved 1048576K
}
Event: 1793.367 GC heap before
{Heap before GC invocations=12 (full 1):
 PSYoungGen      total 175104K, used 174605K [0x00000000eab00000, 0x00000000fa580000, 0x0000000100000000)
  eden space 166912K, 100% used [0x00000000eab00000,0x00000000f4e00000,0x00000000f4e00000)
  from space 8192K, 93% used [0x00000000f9d80000,0x00000000fa503570,0x00000000fa580000)
  to   space 15360K, 0% used [0x00000000f8780000,0x00000000f8780000,0x00000000f9680000)
 ParOldGen       total 190464K, used 8391K [0x00000000c0000000, 0x00000000cba00000, 0x00000000eab00000)
  object space 190464K, 4% used [0x00000000c0000000,0x00000000c0831f88,0x00000000cba00000)
 Metaspace       used 30339K, capacity 31731K, committed 32000K, reserved 1077248K
  class space    used 3508K, capacity 3810K, committed 3840K, reserved 1048576K
Event: 1793.371 GC heap after
Heap after GC invocations=12 (full 1):
 PSYoungGen      total 171008K, used 7629K [0x00000000eab00000, 0x00000000f9e00000, 0x0000000100000000)
  eden space 163328K, 0% used [0x00000000eab00000,0x00000000eab00000,0x00000000f4a80000)
  from space 7680K, 99% used [0x00000000f8780000,0x00000000f8ef3570,0x00000000f8f00000)
  to   space 14848K, 0% used [0x00000000f8f80000,0x00000000f8f80000,0x00000000f9e00000)
 ParOldGen       total 190464K, used 8399K [0x00000000c0000000, 0x00000000cba00000, 0x00000000eab00000)
  object space 190464K, 4% used [0x00000000c0000000,0x00000000c0833f88,0x00000000cba00000)
 Metaspace       used 30339K, capacity 31731K, committed 32000K, reserved 1077248K
  class space    used 3508K, capacity 3810K, committed 3840K, reserved 1048576K
}
Event: 1988.553 GC heap before
{Heap before GC invocations=13 (full 1):
 PSYoungGen      total 171008K, used 170957K [0x00000000eab00000, 0x00000000f9e00000, 0x0000000100000000)
  eden space 163328K, 100% used [0x00000000eab00000,0x00000000f4a80000,0x00000000f4a80000)
  from space 7680K, 99% used [0x00000000f8780000,0x00000000f8ef3570,0x00000000f8f00000)
  to   space 14848K, 0% used [0x00000000f8f80000,0x00000000f8f80000,0x00000000f9e00000)
 ParOldGen       total 190464K, used 8399K [0x00000000c0000000, 0x00000000cba00000, 0x00000000eab00000)
  object space 190464K, 4% used [0x00000000c0000000,0x00000000c0833f88,0x00000000cba00000)
 Metaspace       used 30423K, capacity 31829K, committed 32000K, reserved 1077248K
  class space    used 3525K, capacity 3821K, committed 3840K, reserved 1048576K
Event: 1988.560 GC heap after
Heap after GC invocations=13 (full 1):
 PSYoungGen      total 167936K, used 7874K [0x00000000eab00000, 0x00000000f9780000, 0x0000000100000000)
  eden space 159744K, 0% used [0x00000000eab00000,0x00000000eab00000,0x00000000f4700000)
  from space 8192K, 96% used [0x00000000f8f80000,0x00000000f9730b48,0x00000000f9780000)
  to   space 14848K, 0% used [0x00000000f7a80000,0x00000000f7a80000,0x00000000f8900000)
 ParOldGen       total 190464K, used 8407K [0x00000000c0000000, 0x00000000cba00000, 0x00000000eab00000)
  object space 190464K, 4% used [0x00000000c0000000,0x00000000c0835f88,0x00000000cba00000)
 Metaspace       used 30423K, capacity 31829K, committed 32000K, reserved 1077248K
  class space    used 3525K, capacity 3821K, committed 3840K, reserved 1048576K
}
Event: 2153.719 GC heap before
{Heap before GC invocations=14 (full 1):
 PSYoungGen      total 167936K, used 167618K [0x00000000eab00000, 0x00000000f9780000, 0x0000000100000000)
  eden space 159744K, 100% used [0x00000000eab00000,0x00000000f4700000,0x00000000f4700000)
  from space 8192K, 96% used [0x00000000f8f80000,0x00000000f9730b48,0x00000000f9780000)
  to   space 14848K, 0% used [0x00000000f7a80000,0x00000000f7a80000,0x00000000f8900000)
 ParOldGen       total 190464K, used 8407K [0x00000000c0000000, 0x00000000cba00000, 0x00000000eab00000)
  object space 190464K, 4% used [0x00000000c0000000,0x00000000c0835f88,0x00000000cba00000)
 Metaspace       used 30423K, capacity 31829K, committed 32000K, reserved 1077248K
  class space    used 3525K, capacity 3821K, committed 3840K, reserved 1048576K
Event: 2153.723 GC heap after
Heap after GC invocations=14 (full 1):
 PSYoungGen      total 164352K, used 7709K [0x00000000eab00000, 0x00000000f9000000, 0x0000000100000000)
  eden space 156160K, 0% used [0x00000000eab00000,0x00000000eab00000,0x00000000f4380000)
  from space 8192K, 94% used [0x00000000f7a80000,0x00000000f8207580,0x00000000f8280000)
  to   space 13824K, 0% used [0x00000000f8280000,0x00000000f8280000,0x00000000f9000000)
 ParOldGen       total 190464K, used 8407K [0x00000000c0000000, 0x00000000cba00000, 0x00000000eab00000)
  object space 190464K, 4% used [0x00000000c0000000,0x00000000c0835f88,0x00000000cba00000)
 Metaspace       used 30423K, capacity 31829K, committed 32000K, reserved 1077248K
  class space    used 3525K, capacity 3821K, committed 3840K, reserved 1048576K
}
Event: 2318.920 GC heap before
{Heap before GC invocations=15 (full 1):
 PSYoungGen      total 164352K, used 163869K [0x00000000eab00000, 0x00000000f9000000, 0x0000000100000000)
  eden space 156160K, 100% used [0x00000000eab00000,0x00000000f4380000,0x00000000f4380000)
  from space 8192K, 94% used [0x00000000f7a80000,0x00000000f8207580,0x00000000f8280000)
  to   space 13824K, 0% used [0x00000000f8280000,0x00000000f8280000,0x00000000f9000000)
 ParOldGen       total 190464K, used 8407K [0x00000000c0000000, 0x00000000cba00000, 0x00000000eab00000)
  object space 190464K, 4% used [0x00000000c0000000,0x00000000c0835f88,0x00000000cba00000)
 Metaspace       used 30423K, capacity 31829K, committed 32000K, reserved 1077248K
  class space    used 3525K, capacity 3821K, committed 3840K, reserved 1048576K
Event: 2318.926 GC heap after
Heap after GC invocations=15 (full 1):
 PSYoungGen      total 160256K, used 7673K [0x00000000eab00000, 0x00000000f8a00000, 0x0000000100000000)
  eden space 152576K, 0% used [0x00000000eab00000,0x00000000eab00000,0x00000000f4000000)
  from space 7680K, 99% used [0x00000000f8280000,0x00000000f89fe768,0x00000000f8a00000)
  to   space 14336K, 0% used [0x00000000f6e00000,0x00000000f6e00000,0x00000000f7c00000)
 ParOldGen       total 190464K, used 8415K [0x00000000c0000000, 0x00000000cba00000, 0x00000000eab00000)
  object space 190464K, 4% used [0x00000000c0000000,0x00000000c0837f88,0x00000000cba00000)
 Metaspace       used 30423K, capacity 31829K, committed 32000K, reserved 1077248K
  class space    used 3525K, capacity 3821K, committed 3840K, reserved 1048576K
}
Event: 2479.087 GC heap before
{Heap before GC invocations=16 (full 1):
 PSYoungGen      total 160256K, used 160249K [0x00000000eab00000, 0x00000000f8a00000, 0x0000000100000000)
  eden space 152576K, 100% used [0x00000000eab00000,0x00000000f4000000,0x00000000f4000000)
  from space 7680K, 99% used [0x00000000f8280000,0x00000000f89fe768,0x00000000f8a00000)
  to   space 14336K, 0% used [0x00000000f6e00000,0x00000000f6e00000,0x00000000f7c00000)
 ParOldGen       total 190464K, used 8415K [0x00000000c0000000, 0x00000000cba00000, 0x00000000eab00000)
  object space 190464K, 4% used [0x00000000c0000000,0x00000000c0837f88,0x00000000cba00000)
 Metaspace       used 30425K, capacity 31829K, committed 32000K, reserved 1077248K
  class space    used 3525K, capacity 3821K, committed 3840K, reserved 1048576K
Event: 2479.091 GC heap after
Heap after GC invocations=16 (full 1):
 PSYoungGen      total 157184K, used 7613K [0x00000000eab00000, 0x00000000f8300000, 0x0000000100000000)
  eden space 149504K, 0% used [0x00000000eab00000,0x00000000eab00000,0x00000000f3d00000)
  from space 7680K, 99% used [0x00000000f6e00000,0x00000000f756f560,0x00000000f7580000)
  to   space 13824K, 0% used [0x00000000f7580000,0x00000000f7580000,0x00000000f8300000)
 ParOldGen       total 190464K, used 8423K [0x00000000c0000000, 0x00000000cba00000, 0x00000000eab00000)
  object space 190464K, 4% used [0x00000000c0000000,0x00000000c0839f88,0x00000000cba00000)
 Metaspace       used 30425K, capacity 31829K, committed 32000K, reserved 1077248K
  class space    used 3525K, capacity 3821K, committed 3840K, reserved 1048576K
}
Event: 2634.282 GC heap before
{Heap before GC invocations=17 (full 1):
 PSYoungGen      total 157184K, used 157117K [0x00000000eab00000, 0x00000000f8300000, 0x0000000100000000)
  eden space 149504K, 100% used [0x00000000eab00000,0x00000000f3d00000,0x00000000f3d00000)
  from space 7680K, 99% used [0x00000000f6e00000,0x00000000f756f560,0x00000000f7580000)
  to   space 13824K, 0% used [0x00000000f7580000,0x00000000f7580000,0x00000000f8300000)
 ParOldGen       total 190464K, used 8423K [0x00000000c0000000, 0x00000000cba00000, 0x00000000eab00000)
  object space 190464K, 4% used [0x00000000c0000000,0x00000000c0839f88,0x00000000cba00000)
 Metaspace       used 30430K, capacity 31829K, committed 32000K, reserved 1077248K
  class space    used 3525K, capacity 3821K, committed 3840K, reserved 1048576K
Event: 2634.286 GC heap after
Heap after GC invocations=17 (full 1):
 PSYoungGen      total 154112K, used 7641K [0x00000000eab00000, 0x00000000f7d00000, 0x0000000100000000)
  eden space 146432K, 0% used [0x00000000eab00000,0x00000000eab00000,0x00000000f3a00000)
  from space 7680K, 99% used [0x00000000f7580000,0x00000000f7cf6768,0x00000000f7d00000)
  to   space 13824K, 0% used [0x00000000f6200000,0x00000000f6200000,0x00000000f6f80000)
 ParOldGen       total 190464K, used 8431K [0x00000000c0000000, 0x00000000cba00000, 0x00000000eab00000)
  object space 190464K, 4% used [0x00000000c0000000,0x00000000c083bf88,0x00000000cba00000)
 Metaspace       used 30430K, capacity 31829K, committed 32000K, reserved 1077248K
  class space    used 3525K, capacity 3821K, committed 3840K, reserved 1048576K
}
Event: 2789.445 GC heap before
{Heap before GC invocations=18 (full 1):
 PSYoungGen      total 154112K, used 154073K [0x00000000eab00000, 0x00000000f7d00000, 0x0000000100000000)
  eden space 146432K, 100% used [0x00000000eab00000,0x00000000f3a00000,0x00000000f3a00000)
  from space 7680K, 99% used [0x00000000f7580000,0x00000000f7cf6768,0x00000000f7d00000)
  to   space 13824K, 0% used [0x00000000f6200000,0x00000000f6200000,0x00000000f6f80000)
 ParOldGen       total 190464K, used 8431K [0x00000000c0000000, 0x00000000cba00000, 0x00000000eab00000)
  object space 190464K, 4% used [0x00000000c0000000,0x00000000c083bf88,0x00000000cba00000)
 Metaspace       used 30430K, capacity 31829K, committed 32000K, reserved 1077248K
  class space    used 3525K, capacity 3821K, committed 3840K, reserved 1048576K
Event: 2789.449 GC heap after
Heap after GC invocations=18 (full 1):
 PSYoungGen      total 151552K, used 7701K [0x00000000eab00000, 0x00000000f7600000, 0x0000000100000000)
  eden space 143360K, 0% used [0x00000000eab00000,0x00000000eab00000,0x00000000f3700000)
  from space 8192K, 94% used [0x00000000f6200000,0x00000000f6985748,0x00000000f6a00000)
  to   space 12288K, 0% used [0x00000000f6a00000,0x00000000f6a00000,0x00000000f7600000)
 ParOldGen       total 190464K, used 8431K [0x00000000c0000000, 0x00000000cba00000, 0x00000000eab00000)
  object space 190464K, 4% used [0x00000000c0000000,0x00000000c083bf88,0x00000000cba00000)
 Metaspace       used 30430K, capacity 31829K, committed 32000K, reserved 1077248K
  class space    used 3525K, capacity 3821K, committed 3840K, reserved 1048576K
}
Event: 2939.591 GC heap before
{Heap before GC invocations=19 (full 1):
 PSYoungGen      total 151552K, used 151061K [0x00000000eab00000, 0x00000000f7600000, 0x0000000100000000)
  eden space 143360K, 100% used [0x00000000eab00000,0x00000000f3700000,0x00000000f3700000)
  from space 8192K, 94% used [0x00000000f6200000,0x00000000f6985748,0x00000000f6a00000)
  to   space 12288K, 0% used [0x00000000f6a00000,0x00000000f6a00000,0x00000000f7600000)
 ParOldGen       total 190464K, used 8431K [0x00000000c0000000, 0x00000000cba00000, 0x00000000eab00000)
  object space 190464K, 4% used [0x00000000c0000000,0x00000000c083bf88,0x00000000cba00000)
 Metaspace       used 30430K, capacity 31829K, committed 32000K, reserved 1077248K
  class space    used 3525K, capacity 3821K, committed 3840K, reserved 1048576K
Event: 2939.596 GC heap after
Heap after GC invocations=19 (full 1):
 PSYoungGen      total 142848K, used 2064K [0x00000000eab00000, 0x00000000f6c80000, 0x0000000100000000)
  eden space 140288K, 0% used [0x00000000eab00000,0x00000000eab00000,0x00000000f3400000)
  from space 2560K, 80% used [0x00000000f6a00000,0x00000000f6c04030,0x00000000f6c80000)
  to   space 14336K, 0% used [0x00000000f5080000,0x00000000f5080000,0x00000000f5e80000)
 ParOldGen       total 190464K, used 14155K [0x00000000c0000000, 0x00000000cba00000, 0x00000000eab00000)
  object space 190464K, 7% used [0x00000000c0000000,0x00000000c0dd2c88,0x00000000cba00000)
 Metaspace       used 30430K, capacity 31829K, committed 32000K, reserved 1077248K
  class space    used 3525K, capacity 3821K, committed 3840K, reserved 1048576K
}
Event: 3075.225 GC heap before
{Heap before GC invocations=20 (full 1):
 PSYoungGen      total 142848K, used 142352K [0x00000000eab00000, 0x00000000f6c80000, 0x0000000100000000)
  eden space 140288K, 100% used [0x00000000eab00000,0x00000000f3400000,0x00000000f3400000)
  from space 2560K, 80% used [0x00000000f6a00000,0x00000000f6c04030,0x00000000f6c80000)
  to   space 14336K, 0% used [0x00000000f5080000,0x00000000f5080000,0x00000000f5e80000)
 ParOldGen       total 190464K, used 14155K [0x00000000c0000000, 0x00000000cba00000, 0x00000000eab00000)
  object space 190464K, 7% used [0x00000000c0000000,0x00000000c0dd2c88,0x00000000cba00000)
 Metaspace       used 30431K, capacity 31829K, committed 32000K, reserved 1077248K
  class space    used 3526K, capacity 3821K, committed 3840K, reserved 1048576K
Event: 3075.227 GC heap after
Heap after GC invocations=20 (full 1):
 PSYoungGen      total 138752K, used 976K [0x00000000eab00000, 0x00000000f6a80000, 0x0000000100000000)
  eden space 137728K, 0% used [0x00000000eab00000,0x00000000eab00000,0x00000000f3180000)
  from space 1024K, 95% used [0x00000000f5080000,0x00000000f5174010,0x00000000f5180000)
  to   space 14848K, 0% used [0x00000000f5c00000,0x00000000f5c00000,0x00000000f6a80000)
 ParOldGen       total 190464K, used 15195K [0x00000000c0000000, 0x00000000cba00000, 0x00000000eab00000)
  object space 190464K, 7% used [0x00000000c0000000,0x00000000c0ed6cc8,0x00000000cba00000)
 Metaspace       used 30431K, capacity 31829K, committed 32000K, reserved 1077248K
  class space    used 3526K, capacity 3821K, committed 3840K, reserved 1048576K
}
Event: 3220.420 GC heap before
{Heap before GC invocations=21 (full 1):
 PSYoungGen      total 138752K, used 138704K [0x00000000eab00000, 0x00000000f6a80000, 0x0000000100000000)
  eden space 137728K, 100% used [0x00000000eab00000,0x00000000f3180000,0x00000000f3180000)
  from space 1024K, 95% used [0x00000000f5080000,0x00000000f5174010,0x00000000f5180000)
  to   space 14848K, 0% used [0x00000000f5c00000,0x00000000f5c00000,0x00000000f6a80000)
 ParOldGen       total 190464K, used 15195K [0x00000000c0000000, 0x00000000cba00000, 0x00000000eab00000)
  object space 190464K, 7% used [0x00000000c0000000,0x00000000c0ed6cc8,0x00000000cba00000)
 Metaspace       used 30431K, capacity 31829K, committed 32000K, reserved 1077248K
  class space    used 3526K, capacity 3821K, committed 3840K, reserved 1048576K
Event: 3220.421 GC heap after
Heap after GC invocations=21 (full 1):
 PSYoungGen      total 136704K, used 1024K [0x00000000eab00000, 0x00000000f5d80000, 0x0000000100000000)
  eden space 135168K, 0% used [0x00000000eab00000,0x00000000eab00000,0x00000000f2f00000)
  from space 1536K, 66% used [0x00000000f5c00000,0x00000000f5d00020,0x00000000f5d80000)
  to   space 15360K, 0% used [0x00000000f3f80000,0x00000000f3f80000,0x00000000f4e80000)
 ParOldGen       total 190464K, used 15243K [0x00000000c0000000, 0x00000000cba00000, 0x00000000eab00000)
  object space 190464K, 8% used [0x00000000c0000000,0x00000000c0ee2cc8,0x00000000cba00000)
 Metaspace       used 30431K, capacity 31829K, committed 32000K, reserved 1077248K
  class space    used 3526K, capacity 3821K, committed 3840K, reserved 1048576K
}
Event: 3355.550 GC heap before
{Heap before GC invocations=22 (full 1):
 PSYoungGen      total 136704K, used 136192K [0x00000000eab00000, 0x00000000f5d80000, 0x0000000100000000)
  eden space 135168K, 100% used [0x00000000eab00000,0x00000000f2f00000,0x00000000f2f00000)
  from space 1536K, 66% used [0x00000000f5c00000,0x00000000f5d00020,0x00000000f5d80000)
  to   space 15360K, 0% used [0x00000000f3f80000,0x00000000f3f80000,0x00000000f4e80000)
 ParOldGen       total 190464K, used 15243K [0x00000000c0000000, 0x00000000cba00000, 0x00000000eab00000)
  object space 190464K, 8% used [0x00000000c0000000,0x00000000c0ee2cc8,0x00000000cba00000)
 Metaspace       used 30431K, capacity 31829K, committed 32000K, reserved 1077248K
  class space    used 3526K, capacity 3821K, committed 3840K, reserved 1048576K
Event: 3355.551 GC heap after
Heap after GC invocations=22 (full 1):
 PSYoungGen      total 133632K, used 992K [0x00000000eab00000, 0x00000000f5c80000, 0x0000000100000000)
  eden space 132608K, 0% used [0x00000000eab00000,0x00000000eab00000,0x00000000f2c80000)
  from space 1024K, 96% used [0x00000000f3f80000,0x00000000f4078020,0x00000000f4080000)
  to   space 15360K, 0% used [0x00000000f4d80000,0x00000000f4d80000,0x00000000f5c80000)
 ParOldGen       total 190464K, used 15267K [0x00000000c0000000, 0x00000000cba00000, 0x00000000eab00000)
  object space 190464K, 8% used [0x00000000c0000000,0x00000000c0ee8cc8,0x00000000cba00000)
 Metaspace       used 30431K, capacity 31829K, committed 32000K, reserved 1077248K
  class space    used 3526K, capacity 3821K, committed 3840K, reserved 1048576K
}
Event: 3495.743 GC heap before
{Heap before GC invocations=23 (full 1):
 PSYoungGen      total 133632K, used 133600K [0x00000000eab00000, 0x00000000f5c80000, 0x0000000100000000)
  eden space 132608K, 100% used [0x00000000eab00000,0x00000000f2c80000,0x00000000f2c80000)
  from space 1024K, 96% used [0x00000000f3f80000,0x00000000f4078020,0x00000000f4080000)
  to   space 15360K, 0% used [0x00000000f4d80000,0x00000000f4d80000,0x00000000f5c80000)
 ParOldGen       total 190464K, used 15267K [0x00000000c0000000, 0x00000000cba00000, 0x00000000eab00000)
  object space 190464K, 8% used [0x00000000c0000000,0x00000000c0ee8cc8,0x00000000cba00000)
 Metaspace       used 30431K, capacity 31829K, committed 32000K, reserved 1077248K
  class space    used 3526K, capacity 3821K, committed 3840K, reserved 1048576K
Event: 3495.745 GC heap after
Heap after GC invocations=23 (full 1):
 PSYoungGen      total 131072K, used 1008K [0x00000000eab00000, 0x00000000f4e80000, 0x0000000100000000)
  eden space 130048K, 0% used [0x00000000eab00000,0x00000000eab00000,0x00000000f2a00000)
  from space 1024K, 98% used [0x00000000f4d80000,0x00000000f4e7c010,0x00000000f4e80000)
  to   space 15360K, 0% used [0x00000000f3080000,0x00000000f3080000,0x00000000f3f80000)
 ParOldGen       total 190464K, used 15283K [0x00000000c0000000, 0x00000000cba00000, 0x00000000eab00000)
  object space 190464K, 8% used [0x00000000c0000000,0x00000000c0eeccc8,0x00000000cba00000)
 Metaspace       used 30431K, capacity 31829K, committed 32000K, reserved 1077248K
  class space    used 3526K, capacity 3821K, committed 3840K, reserved 1048576K
}
Event: 3625.922 GC heap before
{Heap before GC invocations=24 (full 1):
 PSYoungGen      total 131072K, used 131056K [0x00000000eab00000, 0x00000000f4e80000, 0x0000000100000000)
  eden space 130048K, 100% used [0x00000000eab00000,0x00000000f2a00000,0x00000000f2a00000)
  from space 1024K, 98% used [0x00000000f4d80000,0x00000000f4e7c010,0x00000000f4e80000)
  to   space 15360K, 0% used [0x00000000f3080000,0x00000000f3080000,0x00000000f3f80000)
 ParOldGen       total 190464K, used 15283K [0x00000000c0000000, 0x00000000cba00000, 0x00000000eab00000)
  object space 190464K, 8% used [0x00000000c0000000,0x00000000c0eeccc8,0x00000000cba00000)
 Metaspace       used 30431K, capacity 31829K, committed 32000K, reserved 1077248K
  class space    used 3526K, capacity 3821K, committed 3840K, reserved 1048576K
Event: 3625.923 GC heap after
Heap after GC invocations=24 (full 1):
 PSYoungGen      total 142848K, used 1008K [0x00000000eab00000, 0x00000000f4e00000, 0x0000000100000000)
  eden space 127488K, 0% used [0x00000000eab00000,0x00000000eab00000,0x00000000f2780000)
  from space 15360K, 6% used [0x00000000f3080000,0x00000000f317c010,0x00000000f3f80000)
  to   space 14848K, 0% used [0x00000000f3f80000,0x00000000f3f80000,0x00000000f4e00000)
 ParOldGen       total 190464K, used 15331K [0x00000000c0000000, 0x00000000cba00000, 0x00000000eab00000)
  object space 190464K, 8% used [0x00000000c0000000,0x00000000c0ef8cc8,0x00000000cba00000)
 Metaspace       used 30431K, capacity 31829K, committed 32000K, reserved 1077248K
  class space    used 3526K, capacity 3821K, committed 3840K, reserved 1048576K
}

